<?xml version="1.0" encoding="UTF-8"?>
<!-- Generated by org.testng.reporters.JUnitXMLReporter -->
<testsuite hostname="Baburao-PC" name="FirefoxTest" tests="1" failures="1" timestamp="25 Sep 2017 04:26:58 GMT" time="0.117" errors="0">
  <testcase name="@AfterTest close" time="0.0" classname="TestNG.Gid">
    <failure type="java.lang.NullPointerException">
      <![CDATA[java.lang.NullPointerException
	at BaseClass.AllBrows.close(AllBrows.java:36)
	at java.util.concurrent.FutureTask.run(FutureTask.java:266)
	at java.util.concurrent.ThreadPoolExecutor.runWorker(ThreadPoolExecutor.java:1149)
	at java.util.concurrent.ThreadPoolExecutor$Worker.run(ThreadPoolExecutor.java:624)
	at java.lang.Thread.run(Thread.java:748)
... Removed 14 stack frames]]>
    </failure>
  </testcase> <!-- @AfterTest close -->
  <testcase name="Test" time="0.04" classname="TestNG.Gid">
    <failure type="java.lang.NullPointerException">
      <![CDATA[java.lang.NullPointerException
	at TestNG.Gid.Test(Gid.java:10)
	at java.util.concurrent.FutureTask.run(FutureTask.java:266)
	at java.util.concurrent.ThreadPoolExecutor.runWorker(ThreadPoolExecutor.java:1149)
	at java.util.concurrent.ThreadPoolExecutor$Worker.run(ThreadPoolExecutor.java:624)
	at java.lang.Thread.run(Thread.java:748)
... Removed 16 stack frames]]>
    </failure>
  </testcase> <!-- Test -->
</testsuite> <!-- FirefoxTest -->
