<?xml version="1.0" encoding="UTF-8"?>
<!-- Generated by org.testng.reporters.JUnitXMLReporter -->
<testsuite hostname="Baburao-PC" name="Test" tests="3" failures="0" timestamp="27 Sep 2017 13:17:57 GMT" time="0.031" errors="0">
  <testcase name="methodOneFromClassOne" time="0.016" classname="TestNG.BeforeAfter"/>
  <testcase name="methodOneFromClassTwo" time="0.0" classname="TestNG.BeforeAfter"/>
  <testcase name="methodTwoFromClassOne" time="0.0" classname="TestNG.BeforeAfter"/>
</testsuite> <!-- Test -->
