<?xml version="1.0" encoding="UTF-8"?>
<!-- Generated by org.testng.reporters.JUnitXMLReporter -->
<testsuite hostname="Baburao-PC" name="Test" tests="3" failures="0" timestamp="6 Oct 2017 06:38:27 GMT" time="0.015" errors="0">
  <testcase name="methodOneFromClassOne" time="0.0" classname="TestNG.BeforeAfter"/>
  <testcase name="methodOneFromClassTwo" time="0.0" classname="TestNG.BeforeAfter"/>
  <testcase name="methodTwoFromClassOne" time="0.0" classname="TestNG.BeforeAfter"/>
</testsuite> <!-- Test -->
