<?xml version="1.0" encoding="UTF-8"?>
<testsuite xmlns:xsi="http://www.w3.org/2001/XMLSchema-instance" xsi:noNamespaceSchemaLocation="https://maven.apache.org/surefire/maven-surefire-plugin/xsd/surefire-test-report.xsd" name="TestSuite" time="18.028" tests="5" errors="0" skipped="0" failures="2">
  <properties>
[...]
</properties>
  <testcase name="methodOneFromClassOne" classname="TestNG.BeforeAfter" time="0.002"/>
  <testcase name="methodOneFromClassTwo" classname="TestNG.BeforeAfter" time="0"/>
  <testcase name="methodTwoFromClassOne" classname="TestNG.BeforeAfter" time="0"/>
  <testcase name="Book" classname="TestNG.FaceBok" time="16.257">
    <failure message="Given xpath expression &quot;//input[@type=&apos;submit&apos;]&apos;]&quot; is invalid: SyntaxError: The expression is not a legal expression. (WARNING: The server did not provide any stacktrace information)&#10;Command duration or timeout: 10 milliseconds&#10;For documentation on this error, please visit: http://seleniumhq.org/exceptions/invalid_selector_exception.html&#10;Build info: version: &apos;2.53.1&apos;, revision: &apos;a36b8b1&apos;, time: &apos;2016-06-30 17:37:03&apos;&#10;System info: host: &apos;WIN-R1JBAO1CNPS&apos;, ip: &apos;172.20.37.201&apos;, os.name: &apos;Windows Server 2008 R2&apos;, os.arch: &apos;x86&apos;, os.version: &apos;6.1&apos;, java.version: &apos;1.8.0_91&apos;&#10;Driver info: org.openqa.selenium.firefox.MarionetteDriver&#10;Capabilities [{rotatable=false, raisesAccessibilityExceptions=false, marionette=true, webdriver.remote.quietExceptions=true, appBuildId=20160916101415, version=49.0, platform=XP, proxy={}, command_id=1, specificationLevel=0, acceptSslCerts=false, processId=1656, browserVersion=49.0, platformVersion=6.1, XULappId={XXXXXXXX-XXXX-XXXX-XXXX-XXXXa9e97384}, browserName=firefox, takesScreenshot=true, takesElementScreenshot=true, platformName=windows_nt, device=desktop, firefox_profile=UEsDBBQAAAAIAIBpS0uIUd2BCAcAA...}]&#10;Session ID: XXXXXXXX-XXXX-XXXX-XXXX-XXXX2209bb05&#10;*** Element info: {Using=xpath, value=//input[@type=&apos;submit&apos;]&apos;]}&#10;Command duration or timeout: 0 milliseconds" type="org.openqa.selenium.InvalidSelectorException">org.openqa.selenium.InvalidSelectorException: 
Given xpath expression "//input[@type='submit']']" is invalid: SyntaxError: The expression is not a legal expression. (WARNING: The server did not provide any stacktrace information)
Command duration or timeout: 10 milliseconds
For documentation on this error, please visit: http://seleniumhq.org/exceptions/invalid_selector_exception.html
Build info: version: '2.53.1', revision: 'a36b8b1', time: '2016-06-30 17:37:03'
System info: host: 'WIN-R1JBAO1CNPS', ip: '172.20.37.201', os.name: 'Windows Server 2008 R2', os.arch: 'x86', os.version: '6.1', java.version: '1.8.0_91'
Driver info: org.openqa.selenium.firefox.MarionetteDriver
Capabilities [{rotatable=false, raisesAccessibilityExceptions=false, marionette=true, webdriver.remote.quietExceptions=true, appBuildId=20160916101415, version=49.0, platform=XP, proxy={}, command_id=1, specificationLevel=0, acceptSslCerts=false, processId=1656, browserVersion=49.0, platformVersion=6.1, XULappId={XXXXXXXX-XXXX-XXXX-XXXX-XXXXa9e97384}, browserName=firefox, takesScreenshot=true, takesElementScreenshot=true, platformName=windows_nt, device=desktop, firefox_profile=UEsDBBQAAAAIAIBpS0uIUd2BCAcAA...}]
Session ID: XXXXXXXX-XXXX-XXXX-XXXX-XXXX2209bb05
*** Element info: {Using=xpath, value=//input[@type='submit']']}
Command duration or timeout: 0 milliseconds
	at TestNG.FaceBok.Book(FaceBok.java:28)
Caused by: org.openqa.selenium.InvalidSelectorException: 
Given xpath expression "//input[@type='submit']']" is invalid: SyntaxError: The expression is not a legal expression. (WARNING: The server did not provide any stacktrace information)
Command duration or timeout: 10 milliseconds
For documentation on this error, please visit: http://seleniumhq.org/exceptions/invalid_selector_exception.html
Build info: version: '2.53.1', revision: 'a36b8b1', time: '2016-06-30 17:37:03'
System info: host: 'WIN-R1JBAO1CNPS', ip: '172.20.37.201', os.name: 'Windows Server 2008 R2', os.arch: 'x86', os.version: '6.1', java.version: '1.8.0_91'
Driver info: org.openqa.selenium.firefox.MarionetteDriver
Capabilities [{rotatable=false, raisesAccessibilityExceptions=false, marionette=true, webdriver.remote.quietExceptions=true, appBuildId=20160916101415, version=49.0, platform=XP, proxy={}, command_id=1, specificationLevel=0, acceptSslCerts=false, processId=1656, browserVersion=49.0, platformVersion=6.1, XULappId={XXXXXXXX-XXXX-XXXX-XXXX-XXXXa9e97384}, browserName=firefox, takesScreenshot=true, takesElementScreenshot=true, platformName=windows_nt, device=desktop, firefox_profile=UEsDBBQAAAAIAIBpS0uIUd2BCAcAA...}]
Session ID: XXXXXXXX-XXXX-XXXX-XXXX-XXXX2209bb05
*** Element info: {Using=xpath, value=//input[@type='submit']']}
For documentation on this error, please visit: http://seleniumhq.org/exceptions/invalid_selector_exception.html
Build info: version: '3.6.0', revision: '6fbf3ec767', time: '2017-09-27T15:28:36.4Z'
System info: host: 'BABURAO-PC', ip: '192.168.1.15', os.name: 'Windows 7', os.arch: 'amd64', os.version: '6.1', java.version: '1.8.0_144'
Driver info: driver.version: EventFiringWebDriver
</failure>
    <system-err><![CDATA[Oct 11, 2017 6:42:16 PM org.openqa.selenium.remote.ProtocolHandshake createSession
INFO: Detected dialect: OSS
]]></system-err>
  </testcase>
  <testcase name="Links" classname="TestNG.AllLink" time="17.162">
    <failure message="&#10;Method public void TestNG.AllLink.Links(java.lang.String,java.lang.String,java.lang.String,java.lang.reflect.Method) throws java.rmi.UnexpectedException,java.net.MalformedURLException requires a @DataProvider named : hardCodeBrowser" type="org.testng.TestNGException">org.testng.TestNGException: 

Method public void TestNG.AllLink.Links(java.lang.String,java.lang.String,java.lang.String,java.lang.reflect.Method) throws java.rmi.UnexpectedException,java.net.MalformedURLException requires a @DataProvider named : hardCodeBrowser
</failure>
    <system-err><![CDATA[[Utils] [ERROR] [Error] org.testng.TestNGException: 
Method public void TestNG.AllLink.Links(java.lang.String,java.lang.String,java.lang.String,java.lang.reflect.Method) throws java.rmi.UnexpectedException,java.net.MalformedURLException requires a @DataProvider named : hardCodeBrowser
	at org.testng.internal.Parameters.findDataProvider(Parameters.java:336)
	at org.testng.internal.Parameters.handleParameters(Parameters.java:498)
	at org.testng.internal.Invoker.handleParameters(Invoker.java:1308)
	at org.testng.internal.Invoker.createParameters(Invoker.java:1036)
	at org.testng.internal.Invoker.invokeTestMethods(Invoker.java:1126)
	at org.testng.internal.TestMethodWorker.invokeTestMethods(TestMethodWorker.java:126)
	at org.testng.internal.TestMethodWorker.run(TestMethodWorker.java:109)
	at org.testng.TestRunner.privateRun(TestRunner.java:744)
	at org.testng.TestRunner.run(TestRunner.java:602)
	at org.testng.SuiteRunner.runTest(SuiteRunner.java:380)
	at org.testng.SuiteRunner.access$000(SuiteRunner.java:39)
	at org.testng.SuiteRunner$SuiteWorker.run(SuiteRunner.java:414)
	at org.testng.internal.thread.ThreadUtil$1.call(ThreadUtil.java:52)
	at java.util.concurrent.FutureTask.run(FutureTask.java:266)
	at java.util.concurrent.ThreadPoolExecutor.runWorker(ThreadPoolExecutor.java:1149)
	at java.util.concurrent.ThreadPoolExecutor$Worker.run(ThreadPoolExecutor.java:624)
	at java.lang.Thread.run(Thread.java:748)

]]></system-err>
  </testcase>
</testsuite>