<?xml version="1.0" encoding="UTF-8"?>
<!-- Generated by org.testng.reporters.JUnitXMLReporter -->
<testsuite hostname="Baburao-PC" name="sandy" tests="4" failures="1" timestamp="19 Sep 2017 07:26:28 GMT" time="0.063" errors="0">
  <testcase name="test" time="0.016" classname="TestNG.AssertOnGroup">
    <failure type="org.junit.ComparisonFailure" message="expected:&amp;lt;test[]&amp;gt; but was:&amp;lt;test[1]&amp;gt;">
      <![CDATA[org.junit.ComparisonFailure: expected:<test[]> but was:<test[1]>
	at org.junit.Assert.assertEquals(Assert.java:115)
	at org.junit.Assert.assertEquals(Assert.java:144)
	at TestNG.AssertOnGroup.test(AssertOnGroup.java:17)
	at java.util.concurrent.FutureTask.run(FutureTask.java:266)
	at java.util.concurrent.ThreadPoolExecutor.runWorker(ThreadPoolExecutor.java:1149)
	at java.util.concurrent.ThreadPoolExecutor$Worker.run(ThreadPoolExecutor.java:624)
	at java.lang.Thread.run(Thread.java:748)
... Removed 16 stack frames]]>
    </failure>
  </testcase> <!-- test -->
  <testcase name="test1" time="0.016" classname="TestNG.AssertOnGroup"/>
  <testcase name="test4" time="0.0" classname="TestNG.AssertOnGroup"/>
  <testcase name="test2" time="0.0" classname="TestNG.AssertOnGroup">
    <skipped/>
  </testcase> <!-- test2 -->
</testsuite> <!-- sandy -->
